{"time":"2026-02-16T12:09:43.25186+08:00","level":"INFO","msg":"Application starting..."}
{"time":"2026-02-16T12:09:43.252275+08:00","level":"INFO","msg":"Initializing database","path":"/Users/joker/Code/GoT0Emergency/data/db/app.db"}
{"time":"2026-02-16T12:09:49.971117+08:00","level":"INFO","msg":"Application starting..."}
{"time":"2026-02-16T12:09:49.971221+08:00","level":"INFO","msg":"Initializing database","path":"/Users/joker/Code/GoT0Emergency/data/db/app.db"}
{"time":"2026-02-16T12:09:52.039493+08:00","level":"INFO","msg":"Application starting..."}
{"time":"2026-02-16T12:09:52.039542+08:00","level":"INFO","msg":"Initializing database","path":"/Users/joker/Code/GoT0Emergency/data/db/app.db"}
{"time":"2026-02-16T12:16:30.370607+08:00","level":"INFO","msg":"Application starting..."}
{"time":"2026-02-16T12:16:30.370658+08:00","level":"INFO","msg":"Initializing database","path":"/Users/joker/Code/GoT0Emergency/data/db/app.db"}
{"time":"2026-02-16T12:16:32.605154+08:00","level":"INFO","msg":"Application starting..."}
{"time":"2026-02-16T12:16:32.605196+08:00","level":"INFO","msg":"Initializing database","path":"/Users/joker/Code/GoT0Emergency/data/db/app.db"}
{"time":"2026-02-16T12:16:48.31289+08:00","level":"INFO","msg":"Application starting..."}
{"time":"2026-02-16T12:16:48.312936+08:00","level":"INFO","msg":"Initializing database","path":"/Users/joker/Code/GoT0Emergency/data/db/app.db"}
{"time":"2026-02-16T12:16:50.223816+08:00","level":"INFO","msg":"Application starting..."}
{"time":"2026-02-16T12:16:50.223868+08:00","level":"INFO","msg":"Initializing database","path":"/Users/joker/Code/GoT0Emergency/data/db/app.db"}
{"time":"2026-02-16T12:17:02.920898+08:00","level":"INFO","msg":"Application starting..."}
{"time":"2026-02-16T12:17:02.920958+08:00","level":"INFO","msg":"Initializing database","path":"/Users/joker/Code/GoT0Emergency/data/db/app.db"}
{"time":"2026-02-16T12:17:05.090982+08:00","level":"INFO","msg":"Application starting..."}
{"time":"2026-02-16T12:17:05.09104+08:00","level":"INFO","msg":"Initializing database","path":"/Users/joker/Code/GoT0Emergency/data/db/app.db"}
{"time":"2026-02-16T12:21:10.791156+08:00","level":"INFO","msg":"Application starting..."}
{"time":"2026-02-16T12:21:10.791233+08:00","level":"INFO","msg":"Initializing database","path":"/Users/joker/Code/GoT0Emergency/data/db/app.db"}
{"time":"2026-02-16T12:21:12.948892+08:00","level":"INFO","msg":"Application starting..."}
{"time":"2026-02-16T12:21:12.948952+08:00","level":"INFO","msg":"Initializing database","path":"/Users/joker/Code/GoT0Emergency/data/db/app.db"}
{"time":"2026-02-16T12:27:15.919398+08:00","level":"INFO","msg":"Application starting..."}
{"time":"2026-02-16T12:27:15.91949+08:00","level":"INFO","msg":"Initializing database","path":"/Users/joker/Code/GoT0Emergency/data/db/app.db"}
{"time":"2026-02-16T12:27:18.013375+08:00","level":"INFO","msg":"Application starting..."}
{"time":"2026-02-16T12:27:18.013435+08:00","level":"INFO","msg":"Initializing database","path":"/Users/joker/Code/GoT0Emergency/data/db/app.db"}
{"time":"2026-02-16T12:27:27.352272+08:00","level":"INFO","msg":"Application starting..."}
{"time":"2026-02-16T12:27:27.352369+08:00","level":"INFO","msg":"Initializing database","path":"/Users/joker/Code/GoT0Emergency/data/db/app.db"}
{"time":"2026-02-16T12:27:29.273911+08:00","level":"INFO","msg":"Application starting..."}
{"time":"2026-02-16T12:27:29.273962+08:00","level":"INFO","msg":"Initializing database","path":"/Users/joker/Code/GoT0Emergency/data/db/app.db"}
{"time":"2026-02-16T12:27:31.629513+08:00","level":"INFO","msg":"Application starting..."}
{"time":"2026-02-16T12:27:31.629583+08:00","level":"INFO","msg":"Initializing database","path":"/Users/joker/Code/GoT0Emergency/data/db/app.db"}
{"time":"2026-02-16T12:27:33.382804+08:00","level":"INFO","msg":"Application starting..."}
{"time":"2026-02-16T12:27:33.382855+08:00","level":"INFO","msg":"Initializing database","path":"/Users/joker/Code/GoT0Emergency/data/db/app.db"}
{"time":"2026-02-16T12:28:47.853228+08:00","level":"INFO","msg":"Unsolicited response received on idle HTTP channel starting with \"HTTP/1.1 400 Bad Request\\r\\n\\r\\n\"; err=<nil>"}
{"time":"2026-02-16T14:37:58.704473+08:00","level":"INFO","msg":"Application starting..."}
{"time":"2026-02-16T14:37:58.704543+08:00","level":"INFO","msg":"Initializing database","path":"/Users/joker/Code/GoT0Emergency/data/db/app.db"}
{"time":"2026-02-16T14:38:01.156978+08:00","level":"INFO","msg":"Application starting..."}
{"time":"2026-02-16T14:38:01.15703+08:00","level":"INFO","msg":"Initializing database","path":"/Users/joker/Code/GoT0Emergency/data/db/app.db"}
{"time":"2026-02-16T14:42:06.613984+08:00","level":"INFO","msg":"Application starting..."}
{"time":"2026-02-16T14:42:06.614201+08:00","level":"INFO","msg":"Initializing database","path":"/Users/joker/Code/GoT0Emergency/data/db/app.db"}
{"time":"2026-02-16T14:42:08.685802+08:00","level":"INFO","msg":"Application starting..."}
{"time":"2026-02-16T14:42:08.685854+08:00","level":"INFO","msg":"Initializing database","path":"/Users/joker/Code/GoT0Emergency/data/db/app.db"}
{"time":"2026-02-16T14:42:33.929317+08:00","level":"INFO","msg":"Application starting..."}
{"time":"2026-02-16T14:42:33.929556+08:00","level":"INFO","msg":"Initializing database","path":"/Users/joker/Code/GoT0Emergency/data/db/app.db"}
{"time":"2026-02-16T14:42:35.798408+08:00","level":"INFO","msg":"Application starting..."}
{"time":"2026-02-16T14:42:35.798462+08:00","level":"INFO","msg":"Initializing database","path":"/Users/joker/Code/GoT0Emergency/data/db/app.db"}
{"time":"2026-02-16T14:42:40.493031+08:00","level":"INFO","msg":"Application starting..."}
{"time":"2026-02-16T14:42:40.493241+08:00","level":"INFO","msg":"Initializing database","path":"/Users/joker/Code/GoT0Emergency/data/db/app.db"}
{"time":"2026-02-16T14:42:42.193209+08:00","level":"INFO","msg":"Application starting..."}
{"time":"2026-02-16T14:42:42.193261+08:00","level":"INFO","msg":"Initializing database","path":"/Users/joker/Code/GoT0Emergency/data/db/app.db"}
{"time":"2026-02-16T14:42:44.341841+08:00","level":"INFO","msg":"Application starting..."}
{"time":"2026-02-16T14:42:44.34195+08:00","level":"INFO","msg":"Initializing database","path":"/Users/joker/Code/GoT0Emergency/data/db/app.db"}
{"time":"2026-02-16T14:42:45.927009+08:00","level":"INFO","msg":"Application starting..."}
{"time":"2026-02-16T14:42:45.927066+08:00","level":"INFO","msg":"Initializing database","path":"/Users/joker/Code/GoT0Emergency/data/db/app.db"}
{"time":"2026-02-16T14:43:06.431263+08:00","level":"INFO","msg":"Application starting..."}
{"time":"2026-02-16T14:43:06.431354+08:00","level":"INFO","msg":"Initializing database","path":"/Users/joker/Code/GoT0Emergency/data/db/app.db"}
{"time":"2026-02-16T14:43:08.073+08:00","level":"INFO","msg":"Application starting..."}
{"time":"2026-02-16T14:43:08.073053+08:00","level":"INFO","msg":"Initializing database","path":"/Users/joker/Code/GoT0Emergency/data/db/app.db"}
{"time":"2026-02-16T14:43:38.624717+08:00","level":"INFO","msg":"Application starting..."}
{"time":"2026-02-16T14:43:38.624936+08:00","level":"INFO","msg":"Initializing database","path":"/Users/joker/Code/GoT0Emergency/data/db/app.db"}
{"time":"2026-02-16T14:44:52.208538+08:00","level":"INFO","msg":"Application starting..."}
{"time":"2026-02-16T14:44:52.208819+08:00","level":"INFO","msg":"Initializing database","path":"/Users/joker/Code/GoT0Emergency/data/db/app.db"}
{"time":"2026-02-16T14:45:46.271333+08:00","level":"INFO","msg":"Application starting..."}
{"time":"2026-02-16T14:45:46.271659+08:00","level":"INFO","msg":"Initializing database","path":"/Users/joker/Code/GoT0Emergency/data/db/app.db"}
{"time":"2026-02-16T14:45:57.983291+08:00","level":"INFO","msg":"Application starting..."}
{"time":"2026-02-16T14:45:57.983391+08:00","level":"INFO","msg":"Initializing database","path":"/Users/joker/Code/GoT0Emergency/data/db/app.db"}
{"time":"2026-02-16T14:46:04.481293+08:00","level":"INFO","msg":"Application starting..."}
{"time":"2026-02-16T14:46:04.481576+08:00","level":"INFO","msg":"Initializing database","path":"/Users/joker/Code/GoT0Emergency/data/db/app.db"}
{"time":"2026-02-16T14:46:06.303067+08:00","level":"INFO","msg":"Application starting..."}
{"time":"2026-02-16T14:46:06.303133+08:00","level":"INFO","msg":"Initializing database","path":"/Users/joker/Code/GoT0Emergency/data/db/app.db"}
{"time":"2026-02-16T14:48:24.072153+08:00","level":"INFO","msg":"Application starting..."}
{"time":"2026-02-16T14:48:24.072256+08:00","level":"INFO","msg":"Initializing database","path":"/Users/joker/Code/GoT0Emergency/data/db/app.db"}
{"time":"2026-02-16T14:48:26.251321+08:00","level":"INFO","msg":"Application starting..."}
{"time":"2026-02-16T14:48:26.251411+08:00","level":"INFO","msg":"Initializing database","path":"/Users/joker/Code/GoT0Emergency/data/db/app.db"}
{"time":"2026-02-16T14:49:32.420997+08:00","level":"INFO","msg":"Unsolicited response received on idle HTTP channel starting with \"HTTP/1.1 400 Bad Request\\r\\n\\r\\n\"; err=<nil>"}
{"time":"2026-02-16T14:50:15.272358+08:00","level":"INFO","msg":"Application starting..."}
{"time":"2026-02-16T14:50:15.27244+08:00","level":"INFO","msg":"Initializing database","path":"/Users/joker/Code/GoT0Emergency/data/db/app.db"}
{"time":"2026-02-16T14:50:17.288295+08:00","level":"INFO","msg":"Application starting..."}
{"time":"2026-02-16T14:50:17.288367+08:00","level":"INFO","msg":"Initializing database","path":"/Users/joker/Code/GoT0Emergency/data/db/app.db"}
{"time":"2026-02-16T14:51:09.226329+08:00","level":"INFO","msg":"Application starting..."}
{"time":"2026-02-16T14:51:09.226415+08:00","level":"INFO","msg":"Initializing database","path":"/Users/joker/Code/GoT0Emergency/data/db/app.db"}
{"time":"2026-02-16T14:51:11.220415+08:00","level":"INFO","msg":"Application starting..."}
{"time":"2026-02-16T14:51:11.220484+08:00","level":"INFO","msg":"Initializing database","path":"/Users/joker/Code/GoT0Emergency/data/db/app.db"}
{"time":"2026-02-16T14:51:19.442878+08:00","level":"INFO","msg":"Application starting..."}
{"time":"2026-02-16T14:51:19.442935+08:00","level":"INFO","msg":"Initializing database","path":"/Users/joker/Code/GoT0Emergency/data/db/app.db"}
{"time":"2026-02-16T14:51:22.547123+08:00","level":"INFO","msg":"Application starting..."}
{"time":"2026-02-16T14:51:22.547198+08:00","level":"INFO","msg":"Initializing database","path":"/Users/joker/Code/GoT0Emergency/data/db/app.db"}
{"time":"2026-02-16T14:51:24.282857+08:00","level":"INFO","msg":"Application starting..."}
{"time":"2026-02-16T14:51:24.282916+08:00","level":"INFO","msg":"Initializing database","path":"/Users/joker/Code/GoT0Emergency/data/db/app.db"}
{"time":"2026-02-16T14:59:32.440628+08:00","level":"INFO","msg":"Unsolicited response received on idle HTTP channel starting with \"HTTP/1.1 400 Bad Request\\r\\n\\r\\n\"; err=<nil>"}
{"time":"2026-02-16T15:06:28.441083+08:00","level":"INFO","msg":"Application starting..."}
{"time":"2026-02-16T15:06:28.441137+08:00","level":"INFO","msg":"Initializing database","path":"/Users/joker/Code/GoT0Emergency/data/db/app.db"}
{"time":"2026-02-16T15:06:30.49716+08:00","level":"INFO","msg":"Application starting..."}
{"time":"2026-02-16T15:06:30.497214+08:00","level":"INFO","msg":"Initializing database","path":"/Users/joker/Code/GoT0Emergency/data/db/app.db"}
{"time":"2026-02-16T15:06:32.783078+08:00","level":"INFO","msg":"Application starting..."}
{"time":"2026-02-16T15:06:32.783163+08:00","level":"INFO","msg":"Initializing database","path":"/Users/joker/Code/GoT0Emergency/data/db/app.db"}
{"time":"2026-02-16T15:06:34.38467+08:00","level":"INFO","msg":"Application starting..."}
{"time":"2026-02-16T15:06:34.384723+08:00","level":"INFO","msg":"Initializing database","path":"/Users/joker/Code/GoT0Emergency/data/db/app.db"}
{"time":"2026-02-16T15:06:46.329839+08:00","level":"INFO","msg":"suppressing panic for copyResponse error in test; copy error: request has been stopped"}
{"time":"2026-02-16T15:06:55.445289+08:00","level":"INFO","msg":"suppressing panic for copyResponse error in test; copy error: request has been stopped"}
{"time":"2026-02-16T15:11:01.373845+08:00","level":"INFO","msg":"suppressing panic for copyResponse error in test; copy error: request has been stopped"}
{"time":"2026-02-16T15:12:20.538309+08:00","level":"INFO","msg":"suppressing panic for copyResponse error in test; copy error: request has been stopped"}
{"time":"2026-02-16T15:12:30.947555+08:00","level":"INFO","msg":"Application starting..."}
{"time":"2026-02-16T15:12:30.947613+08:00","level":"INFO","msg":"Initializing database","path":"/Users/joker/Code/GoT0Emergency/data/db/app.db"}
{"time":"2026-02-16T15:12:32.829914+08:00","level":"INFO","msg":"Application starting..."}
{"time":"2026-02-16T15:12:32.829962+08:00","level":"INFO","msg":"Initializing database","path":"/Users/joker/Code/GoT0Emergency/data/db/app.db"}
{"time":"2026-02-16T15:12:35.0091+08:00","level":"INFO","msg":"Application starting..."}
{"time":"2026-02-16T15:12:35.009147+08:00","level":"INFO","msg":"Initializing database","path":"/Users/joker/Code/GoT0Emergency/data/db/app.db"}
{"time":"2026-02-16T15:12:36.71045+08:00","level":"INFO","msg":"Application starting..."}
{"time":"2026-02-16T15:12:36.710514+08:00","level":"INFO","msg":"Initializing database","path":"/Users/joker/Code/GoT0Emergency/data/db/app.db"}
{"time":"2026-02-16T15:14:02.475295+08:00","level":"INFO","msg":"Unsolicited response received on idle HTTP channel starting with \"HTTP/1.1 400 Bad Request\\r\\n\\r\\n\"; err=<nil>"}
{"time":"2026-02-16T15:18:45.606797+08:00","level":"INFO","msg":"Application starting..."}
{"time":"2026-02-16T15:18:45.607179+08:00","level":"INFO","msg":"Initializing database","path":"/Users/joker/Code/GoT0Emergency/data/db/app.db"}
{"time":"2026-02-16T15:18:47.710497+08:00","level":"INFO","msg":"Application starting..."}
{"time":"2026-02-16T15:18:47.710556+08:00","level":"INFO","msg":"Initializing database","path":"/Users/joker/Code/GoT0Emergency/data/db/app.db"}
{"time":"2026-02-16T15:58:52.357768+08:00","level":"INFO","msg":"Application starting..."}
{"time":"2026-02-16T15:58:52.358019+08:00","level":"INFO","msg":"Initializing database","path":"/Users/joker/Code/GoT0Emergency/data/db/app.db"}
{"time":"2026-02-16T15:59:01.645569+08:00","level":"INFO","msg":"Application starting..."}
{"time":"2026-02-16T15:59:01.646986+08:00","level":"INFO","msg":"Initializing database","path":"/Users/joker/Code/GoT0Emergency/data/db/app.db"}
{"time":"2026-02-16T15:59:03.694682+08:00","level":"INFO","msg":"Application starting..."}
{"time":"2026-02-16T15:59:03.694741+08:00","level":"INFO","msg":"Initializing database","path":"/Users/joker/Code/GoT0Emergency/data/db/app.db"}
{"time":"2026-02-16T16:12:22.393855+08:00","level":"INFO","msg":"Application starting..."}
{"time":"2026-02-16T16:12:22.393939+08:00","level":"INFO","msg":"Initializing database","path":"/Users/joker/Code/GoT0Emergency/data/db/app.db"}
{"time":"2026-02-16T16:12:24.643376+08:00","level":"INFO","msg":"Application starting..."}
{"time":"2026-02-16T16:12:24.643429+08:00","level":"INFO","msg":"Initializing database","path":"/Users/joker/Code/GoT0Emergency/data/db/app.db"}
{"time":"2026-02-16T16:12:43.131663+08:00","level":"INFO","msg":"Application starting..."}
{"time":"2026-02-16T16:12:43.131721+08:00","level":"INFO","msg":"Initializing database","path":"/Users/joker/Code/GoT0Emergency/data/db/app.db"}
{"time":"2026-02-16T16:12:45.262904+08:00","level":"INFO","msg":"Application starting..."}
{"time":"2026-02-16T16:12:45.262957+08:00","level":"INFO","msg":"Initializing database","path":"/Users/joker/Code/GoT0Emergency/data/db/app.db"}
{"time":"2026-02-16T16:16:59.720522+08:00","level":"INFO","msg":"Unsolicited response received on idle HTTP channel starting with \"HTTP/1.1 400 Bad Request\\r\\n\\r\\n\"; err=<nil>"}
{"time":"2026-02-16T16:23:24.523827+08:00","level":"INFO","msg":"Application starting..."}
{"time":"2026-02-16T16:23:24.523963+08:00","level":"INFO","msg":"Initializing database","path":"/Users/joker/Code/GoT0Emergency/data/db/app.db"}
{"time":"2026-02-16T16:23:24.937082+08:00","level":"INFO","msg":"suppressing panic for copyResponse error in test; copy error: request has been stopped"}
{"time":"2026-02-16T16:23:26.772716+08:00","level":"INFO","msg":"Application starting..."}
{"time":"2026-02-16T16:23:26.77278+08:00","level":"INFO","msg":"Initializing database","path":"/Users/joker/Code/GoT0Emergency/data/db/app.db"}
{"time":"2026-02-16T16:23:30.075615+08:00","level":"INFO","msg":"Application starting..."}
{"time":"2026-02-16T16:23:30.075663+08:00","level":"INFO","msg":"Initializing database","path":"/Users/joker/Code/GoT0Emergency/data/db/app.db"}
{"time":"2026-02-16T16:23:32.001275+08:00","level":"INFO","msg":"Application starting..."}
{"time":"2026-02-16T16:23:32.001328+08:00","level":"INFO","msg":"Initializing database","path":"/Users/joker/Code/GoT0Emergency/data/db/app.db"}
{"time":"2026-02-16T17:01:58.733344+08:00","level":"INFO","msg":"suppressing panic for copyResponse error in test; copy error: request has been stopped"}
{"time":"2026-02-16T17:02:22.586503+08:00","level":"INFO","msg":"Application starting..."}
{"time":"2026-02-16T17:02:22.586606+08:00","level":"INFO","msg":"Initializing database","path":"/Users/joker/Code/GoT0Emergency/data/db/app.db"}
{"time":"2026-02-16T17:02:24.939396+08:00","level":"INFO","msg":"Application starting..."}
{"time":"2026-02-16T17:02:24.939445+08:00","level":"INFO","msg":"Initializing database","path":"/Users/joker/Code/GoT0Emergency/data/db/app.db"}
{"time":"2026-02-16T17:03:29.749967+08:00","level":"INFO","msg":"Unsolicited response received on idle HTTP channel starting with \"HTTP/1.1 400 Bad Request\\r\\n\\r\\n\"; err=<nil>"}
{"time":"2026-02-16T17:03:29.750293+08:00","level":"INFO","msg":"Unsolicited response received on idle HTTP channel starting with \"HTTP/1.1 400 Bad Request\\r\\n\\r\\n\"; err=<nil>"}
{"time":"2026-02-16T17:20:20.678101+08:00","level":"INFO","msg":"Application starting..."}
{"time":"2026-02-16T17:20:20.678221+08:00","level":"INFO","msg":"Initializing database","path":"/Users/joker/Code/GoT0Emergency/data/db/app.db"}
{"time":"2026-02-16T17:20:27.123893+08:00","level":"INFO","msg":"Application starting..."}
{"time":"2026-02-16T17:20:27.123977+08:00","level":"INFO","msg":"Initializing database","path":"/Users/joker/Code/GoT0Emergency/data/db/app.db"}
{"time":"2026-02-16T17:20:29.094995+08:00","level":"INFO","msg":"Application starting..."}
{"time":"2026-02-16T17:20:29.095037+08:00","level":"INFO","msg":"Initializing database","path":"/Users/joker/Code/GoT0Emergency/data/db/app.db"}
{"time":"2026-02-16T18:20:27.342877+08:00","level":"INFO","msg":"Application starting..."}
{"time":"2026-02-16T18:20:27.342979+08:00","level":"INFO","msg":"Initializing database","path":"/Users/joker/Code/GoT0Emergency/data/db/app.db"}
{"time":"2026-02-16T18:20:29.629312+08:00","level":"INFO","msg":"Application starting..."}
{"time":"2026-02-16T18:20:29.629363+08:00","level":"INFO","msg":"Initializing database","path":"/Users/joker/Code/GoT0Emergency/data/db/app.db"}
{"time":"2026-02-16T18:20:40.68979+08:00","level":"INFO","msg":"Application starting..."}
{"time":"2026-02-16T18:20:40.689854+08:00","level":"INFO","msg":"Initializing database","path":"/Users/joker/Code/GoT0Emergency/data/db/app.db"}
{"time":"2026-02-16T18:20:42.675653+08:00","level":"INFO","msg":"Application starting..."}
{"time":"2026-02-16T18:20:42.675719+08:00","level":"INFO","msg":"Initializing database","path":"/Users/joker/Code/GoT0Emergency/data/db/app.db"}
{"time":"2026-02-16T18:21:55.103838+08:00","level":"INFO","msg":"Unsolicited response received on idle HTTP channel starting with \"HTTP/1.1 400 Bad Request\\r\\n\\r\\n\"; err=<nil>"}
{"time":"2026-02-16T18:22:35.049961+08:00","level":"INFO","msg":"Host not connected, attempting auto-connect","host_id":1}
{"time":"2026-02-16T18:22:35.050663+08:00","level":"INFO","msg":"Connecting to host via SSH","host":"192.168.64.4","ip":"192.168.64.4","port":22}
{"time":"2026-02-16T18:22:35.702001+08:00","level":"INFO","msg":"Connected to host successfully","host":"192.168.64.4"}
{"time":"2026-02-16T18:37:06.40194+08:00","level":"INFO","msg":"Application starting..."}
{"time":"2026-02-16T18:37:06.402077+08:00","level":"INFO","msg":"Initializing database","path":"/Users/joker/Code/GoT0Emergency/data/db/app.db"}
{"time":"2026-02-16T18:37:08.684624+08:00","level":"INFO","msg":"Application starting..."}
{"time":"2026-02-16T18:37:08.684695+08:00","level":"INFO","msg":"Initializing database","path":"/Users/joker/Code/GoT0Emergency/data/db/app.db"}
{"time":"2026-02-16T18:38:25.151636+08:00","level":"INFO","msg":"Unsolicited response received on idle HTTP channel starting with \"HTTP/1.1 400 Bad Request\\r\\n\\r\\n\"; err=<nil>"}
{"time":"2026-02-16T18:38:30.573677+08:00","level":"INFO","msg":"Host not connected, attempting auto-connect","host_id":1}
{"time":"2026-02-16T18:38:30.573901+08:00","level":"INFO","msg":"Connecting to host via SSH","host":"192.168.64.4","ip":"192.168.64.4","port":22}
{"time":"2026-02-16T18:38:31.175105+08:00","level":"INFO","msg":"Connected to host successfully","host":"192.168.64.4"}
{"time":"2026-02-16T18:45:06.520552+08:00","level":"INFO","msg":"Application starting..."}
{"time":"2026-02-16T18:45:06.52067+08:00","level":"INFO","msg":"Initializing database","path":"/Users/joker/Code/GoT0Emergency/data/db/app.db"}
{"time":"2026-02-16T18:45:08.730975+08:00","level":"INFO","msg":"Application starting..."}
{"time":"2026-02-16T18:45:08.731047+08:00","level":"INFO","msg":"Initializing database","path":"/Users/joker/Code/GoT0Emergency/data/db/app.db"}
{"time":"2026-02-16T18:45:19.882921+08:00","level":"INFO","msg":"Application starting..."}
{"time":"2026-02-16T18:45:19.88298+08:00","level":"INFO","msg":"Initializing database","path":"/Users/joker/Code/GoT0Emergency/data/db/app.db"}
{"time":"2026-02-16T18:45:21.886368+08:00","level":"INFO","msg":"Application starting..."}
{"time":"2026-02-16T18:45:21.88643+08:00","level":"INFO","msg":"Initializing database","path":"/Users/joker/Code/GoT0Emergency/data/db/app.db"}
{"time":"2026-02-16T18:46:48.399266+08:00","level":"INFO","msg":"Application starting..."}
{"time":"2026-02-16T18:46:48.399324+08:00","level":"INFO","msg":"Initializing database","path":"/Users/joker/Code/GoT0Emergency/data/db/app.db"}
{"time":"2026-02-16T18:46:50.430187+08:00","level":"INFO","msg":"Application starting..."}
{"time":"2026-02-16T18:46:50.430254+08:00","level":"INFO","msg":"Initializing database","path":"/Users/joker/Code/GoT0Emergency/data/db/app.db"}
{"time":"2026-02-16T18:47:01.201342+08:00","level":"INFO","msg":"Application starting..."}
{"time":"2026-02-16T18:47:01.201404+08:00","level":"INFO","msg":"Initializing database","path":"/Users/joker/Code/GoT0Emergency/data/db/app.db"}
{"time":"2026-02-16T18:47:03.059347+08:00","level":"INFO","msg":"Application starting..."}
{"time":"2026-02-16T18:47:03.059419+08:00","level":"INFO","msg":"Initializing database","path":"/Users/joker/Code/GoT0Emergency/data/db/app.db"}
{"time":"2026-02-16T18:48:25.16674+08:00","level":"INFO","msg":"Unsolicited response received on idle HTTP channel starting with \"HTTP/1.1 400 Bad Request\\r\\n\\r\\n\"; err=<nil>"}
{"time":"2026-02-16T18:49:16.075693+08:00","level":"INFO","msg":"Host not connected, attempting auto-connect","host_id":1}
{"time":"2026-02-16T18:49:16.076129+08:00","level":"INFO","msg":"Connecting to host via SSH","host":"192.168.64.4","ip":"192.168.64.4","port":22}
{"time":"2026-02-16T18:49:17.227121+08:00","level":"INFO","msg":"Connected to host successfully","host":"192.168.64.4"}
{"time":"2026-02-16T18:54:24.582341+08:00","level":"INFO","msg":"Application starting..."}
{"time":"2026-02-16T18:54:24.58246+08:00","level":"INFO","msg":"Initializing database","path":"/Users/joker/Code/GoT0Emergency/data/db/app.db"}
{"time":"2026-02-16T18:54:28.208263+08:00","level":"INFO","msg":"Application starting..."}
{"time":"2026-02-16T18:54:28.208346+08:00","level":"INFO","msg":"Initializing database","path":"/Users/joker/Code/GoT0Emergency/data/db/app.db"}
{"time":"2026-02-16T18:54:56.813124+08:00","level":"INFO","msg":"Application starting..."}
{"time":"2026-02-16T18:54:56.81326+08:00","level":"INFO","msg":"Initializing database","path":"/Users/joker/Code/GoT0Emergency/data/db/app.db"}
{"time":"2026-02-16T18:55:00.472482+08:00","level":"INFO","msg":"Application starting..."}
{"time":"2026-02-16T18:55:00.472568+08:00","level":"INFO","msg":"Initializing database","path":"/Users/joker/Code/GoT0Emergency/data/db/app.db"}
{"time":"2026-02-16T20:10:02.798984+08:00","level":"INFO","msg":"Application starting..."}
{"time":"2026-02-16T20:10:02.799095+08:00","level":"INFO","msg":"Initializing database","path":"/Users/joker/Code/GoT0Emergency/data/db/app.db"}
{"time":"2026-02-16T20:10:05.108659+08:00","level":"INFO","msg":"Application starting..."}
{"time":"2026-02-16T20:10:05.108734+08:00","level":"INFO","msg":"Initializing database","path":"/Users/joker/Code/GoT0Emergency/data/db/app.db"}
{"time":"2026-02-16T20:10:05.206269+08:00","level":"INFO","msg":"Starting scheduled metrics collection"}
{"time":"2026-02-16T20:10:05.206612+08:00","level":"ERROR","msg":"Failed to check host in background","host_id":1,"err":"host not connected"}
{"time":"2026-02-16T20:10:05.207114+08:00","level":"INFO","msg":"Cleaning up old metrics","retention_hours":24,"cutoff":"2026-02-15T20:10:05.207113+08:00"}
{"time":"2026-02-16T20:10:05.207355+08:00","level":"INFO","msg":"Cleaned up old metrics","deleted_rows":0}
{"time":"2026-02-16T20:10:46.756019+08:00","level":"INFO","msg":"suppressing panic for copyResponse error in test; copy error: request has been stopped"}
{"time":"2026-02-16T20:11:05.207076+08:00","level":"INFO","msg":"Starting scheduled metrics collection"}
{"time":"2026-02-16T20:11:05.20793+08:00","level":"ERROR","msg":"Failed to check host in background","host_id":1,"err":"host not connected"}
{"time":"2026-02-16T20:12:05.206692+08:00","level":"INFO","msg":"Starting scheduled metrics collection"}
{"time":"2026-02-16T20:12:05.206962+08:00","level":"ERROR","msg":"Failed to check host in background","host_id":1,"err":"host not connected"}
{"time":"2026-02-16T20:12:05.900998+08:00","level":"INFO","msg":"Unsolicited response received on idle HTTP channel starting with \"HTTP/1.1 400 Bad Request\\r\\n\\r\\n\"; err=<nil>"}
{"time":"2026-02-16T20:13:05.205819+08:00","level":"INFO","msg":"Starting scheduled metrics collection"}
{"time":"2026-02-16T20:13:05.207271+08:00","level":"ERROR","msg":"Failed to check host in background","host_id":1,"err":"host not connected"}
{"time":"2026-02-16T20:14:05.206192+08:00","level":"INFO","msg":"Starting scheduled metrics collection"}
{"time":"2026-02-16T20:14:05.206588+08:00","level":"ERROR","msg":"Failed to check host in background","host_id":1,"err":"host not connected"}
{"time":"2026-02-16T20:15:05.205781+08:00","level":"INFO","msg":"Starting scheduled metrics collection"}
{"time":"2026-02-16T20:15:05.207566+08:00","level":"ERROR","msg":"Failed to check host in background","host_id":1,"err":"host not connected"}
{"time":"2026-02-16T20:15:15.295689+08:00","level":"INFO","msg":"Application starting..."}
{"time":"2026-02-16T20:15:15.295803+08:00","level":"INFO","msg":"Initializing database","path":"/Users/joker/Code/GoT0Emergency/data/db/app.db"}
{"time":"2026-02-16T20:15:27.17499+08:00","level":"INFO","msg":"Application starting..."}
{"time":"2026-02-16T20:15:27.175084+08:00","level":"INFO","msg":"Initializing database","path":"/Users/joker/Code/GoT0Emergency/data/db/app.db"}
{"time":"2026-02-16T20:15:29.092404+08:00","level":"INFO","msg":"Application starting..."}
{"time":"2026-02-16T20:15:29.092449+08:00","level":"INFO","msg":"Initializing database","path":"/Users/joker/Code/GoT0Emergency/data/db/app.db"}
{"time":"2026-02-16T20:15:29.173104+08:00","level":"INFO","msg":"Starting scheduled metrics collection"}
{"time":"2026-02-16T20:15:29.173335+08:00","level":"ERROR","msg":"Failed to check host in background","host_id":1,"err":"host not connected"}
{"time":"2026-02-16T20:15:29.173806+08:00","level":"INFO","msg":"Cleaning up old metrics","retention_hours":24,"cutoff":"2026-02-15T20:15:29.173805+08:00"}
{"time":"2026-02-16T20:15:29.173964+08:00","level":"INFO","msg":"Cleaned up old metrics","deleted_rows":0}
{"time":"2026-02-16T20:16:29.173876+08:00","level":"INFO","msg":"Starting scheduled metrics collection"}
{"time":"2026-02-16T20:16:29.174991+08:00","level":"ERROR","msg":"Failed to check host in background","host_id":1,"err":"host not connected"}
{"time":"2026-02-16T20:17:23.588544+08:00","level":"INFO","msg":"Host not connected, attempting auto-connect","host_id":1}
{"time":"2026-02-16T20:17:23.589024+08:00","level":"INFO","msg":"Connecting to host via SSH","host":"192.168.64.4","ip":"192.168.64.4","port":22}
{"time":"2026-02-16T20:17:24.215221+08:00","level":"INFO","msg":"Connected to host successfully","host":"192.168.64.4"}
{"time":"2026-02-16T20:17:29.172965+08:00","level":"INFO","msg":"Starting scheduled metrics collection"}
